<?xml version="1.0" encoding="UTF-8"?>
<!-- Generated by org.testng.reporters.JUnitReportReporter -->
<testsuite hostname="idea-PC" failures="0" tests="2" name="com.dc.rns.qa.TestCases.DashBoard" time="37.743" errors="0" timestamp="2021-08-25T23:49:06 IST" skipped="0">
  <testcase classname="com.dc.rns.qa.TestCases.DashBoard" name="fnSign" time="21.771"/>
  <system-out/>
  <testcase classname="com.dc.rns.qa.TestCases.DashBoard" name="Title" time="15.972"/>
  <system-out/>
</testsuite> <!-- com.dc.rns.qa.TestCases.DashBoard -->
