<?xml version="1.0" encoding="UTF-8"?>
<!-- Generated by org.testng.reporters.JUnitReportReporter -->
<testsuite skipped="0" hostname="DESKTOP-VDH35U1" name="com.dc.rns.qa.TestCases.LoginPageTest" tests="1" failures="0" timestamp="2022-01-22T21:38:25 GST" time="14.704" errors="0">
  <testcase name="dockerselgitjenk" time="14.704" classname="com.dc.rns.qa.TestCases.LoginPageTest"/>
  <system-out/>
</testsuite> <!-- com.dc.rns.qa.TestCases.LoginPageTest -->
